Performing C SOURCE FILE Test CMAKE_HAVE_LIBC_PTHREAD failed with the following output:
Change Dir: /home/jason/Udacity/CppND-Capstone-FallingBlocks-Game/build/CMakeFiles/CMakeTmp

Run Build Command(s):/usr/bin/gmake cmTC_d1ff2/fast && gmake[1]: Entering directory '/home/jason/Udacity/CppND-Capstone-FallingBlocks-Game/build/CMakeFiles/CMakeTmp'
/usr/bin/gmake -f CMakeFiles/cmTC_d1ff2.dir/build.make CMakeFiles/cmTC_d1ff2.dir/build
gmake[2]: Entering directory '/home/jason/Udacity/CppND-Capstone-FallingBlocks-Game/build/CMakeFiles/CMakeTmp'
Building C object CMakeFiles/cmTC_d1ff2.dir/src.c.o
/usr/bin/cc   -DCMAKE_HAVE_LIBC_PTHREAD   -o CMakeFiles/cmTC_d1ff2.dir/src.c.o   -c /home/jason/Udacity/CppND-Capstone-FallingBlocks-Game/build/CMakeFiles/CMakeTmp/src.c
Linking C executable cmTC_d1ff2
/usr/bin/cmake -E cmake_link_script CMakeFiles/cmTC_d1ff2.dir/link.txt --verbose=1
/usr/bin/cc  -DCMAKE_HAVE_LIBC_PTHREAD    CMakeFiles/cmTC_d1ff2.dir/src.c.o  -o cmTC_d1ff2 
/usr/bin/ld: CMakeFiles/cmTC_d1ff2.dir/src.c.o: in function `main':
src.c:(.text+0x46): undefined reference to `pthread_create'
/usr/bin/ld: src.c:(.text+0x52): undefined reference to `pthread_detach'
/usr/bin/ld: src.c:(.text+0x63): undefined reference to `pthread_join'
collect2: error: ld returned 1 exit status
gmake[2]: *** [CMakeFiles/cmTC_d1ff2.dir/build.make:87: cmTC_d1ff2] Error 1
gmake[2]: Leaving directory '/home/jason/Udacity/CppND-Capstone-FallingBlocks-Game/build/CMakeFiles/CMakeTmp'
gmake[1]: *** [Makefile:121: cmTC_d1ff2/fast] Error 2
gmake[1]: Leaving directory '/home/jason/Udacity/CppND-Capstone-FallingBlocks-Game/build/CMakeFiles/CMakeTmp'


Source file was:
#include <pthread.h>

void* test_func(void* data)
{
  return data;
}

int main(void)
{
  pthread_t thread;
  pthread_create(&thread, NULL, test_func, NULL);
  pthread_detach(thread);
  pthread_join(thread, NULL);
  pthread_atfork(NULL, NULL, NULL);
  pthread_exit(NULL);

  return 0;
}

Determining if the function pthread_create exists in the pthreads failed with the following output:
Change Dir: /home/jason/Udacity/CppND-Capstone-FallingBlocks-Game/build/CMakeFiles/CMakeTmp

Run Build Command(s):/usr/bin/gmake cmTC_2a860/fast && gmake[1]: Entering directory '/home/jason/Udacity/CppND-Capstone-FallingBlocks-Game/build/CMakeFiles/CMakeTmp'
/usr/bin/gmake -f CMakeFiles/cmTC_2a860.dir/build.make CMakeFiles/cmTC_2a860.dir/build
gmake[2]: Entering directory '/home/jason/Udacity/CppND-Capstone-FallingBlocks-Game/build/CMakeFiles/CMakeTmp'
Building C object CMakeFiles/cmTC_2a860.dir/CheckFunctionExists.c.o
/usr/bin/cc   -DCHECK_FUNCTION_EXISTS=pthread_create   -o CMakeFiles/cmTC_2a860.dir/CheckFunctionExists.c.o   -c /usr/share/cmake-3.16/Modules/CheckFunctionExists.c
Linking C executable cmTC_2a860
/usr/bin/cmake -E cmake_link_script CMakeFiles/cmTC_2a860.dir/link.txt --verbose=1
/usr/bin/cc  -DCHECK_FUNCTION_EXISTS=pthread_create    CMakeFiles/cmTC_2a860.dir/CheckFunctionExists.c.o  -o cmTC_2a860  -lpthreads 
/usr/bin/ld: cannot find -lpthreads
collect2: error: ld returned 1 exit status
gmake[2]: *** [CMakeFiles/cmTC_2a860.dir/build.make:87: cmTC_2a860] Error 1
gmake[2]: Leaving directory '/home/jason/Udacity/CppND-Capstone-FallingBlocks-Game/build/CMakeFiles/CMakeTmp'
gmake[1]: *** [Makefile:121: cmTC_2a860/fast] Error 2
gmake[1]: Leaving directory '/home/jason/Udacity/CppND-Capstone-FallingBlocks-Game/build/CMakeFiles/CMakeTmp'



